[22:59:30] [Server thread/INFO]: Starting minecraft server version 1.12.2
[22:59:30] [Server thread/INFO]: Loading properties
[22:59:30] [Server thread/INFO]: Default game type: SURVIVAL
[22:59:30] [Server thread/INFO]: Generating keypair
[22:59:31] [Server thread/INFO]: Starting Minecraft server on *:25565
[22:59:31] [Server thread/INFO]: Using default channel type
[22:59:31] [Server thread/INFO]: Preparing level "world"
[22:59:31] [Server thread/INFO]: Loaded 488 advancements
[22:59:32] [Server thread/INFO]: Preparing start region for level 0
[22:59:33] [Server thread/INFO]: Preparing spawn area: 1%
[22:59:34] [Server thread/INFO]: Preparing spawn area: 49%
[22:59:35] [Server thread/INFO]: Preparing spawn area: 85%
[22:59:35] [Server thread/INFO]: Done (3.876s)! For help, type "help" or "?"
[23:04:42] [Server thread/INFO]: Stopping the server
[23:04:42] [Server thread/INFO]: Stopping server
[23:04:42] [Server thread/INFO]: Saving players
[23:04:42] [Server thread/INFO]: Saving worlds
[23:04:42] [Server thread/INFO]: Saving chunks for level 'world'/overworld
[23:04:43] [Server thread/INFO]: Saving chunks for level 'world'/the_nether
[23:04:43] [Server thread/INFO]: Saving chunks for level 'world'/the_end
[23:04:43] [Server Shutdown Thread/INFO]: Stopping server
[23:04:43] [Server Shutdown Thread/INFO]: Saving players
[23:04:43] [Server Shutdown Thread/INFO]: Saving worlds
